<?xml version="1.0" encoding="UTF-8"?>
<testsuite xmlns:xsi="http://www.w3.org/2001/XMLSchema-instance" xsi:noNamespaceSchemaLocation="https://maven.apache.org/surefire/maven-surefire-plugin/xsd/surefire-test-report.xsd" name="skyrpg.PluginTest" time="0.025" tests="1" errors="0" skipped="0" failures="0">
  <properties>
    <property name="java.specification.version" value="17"/>
    <property name="sun.jnu.encoding" value="UTF-8"/>
    <property name="java.class.path" value="/home/decaianinfinity/_programming_/skyrpg/leveling/target/test-classes:/home/decaianinfinity/_programming_/skyrpg/leveling/target/classes:/home/decaianinfinity/.m2/repository/junit/junit/4.11/junit-4.11.jar:/home/decaianinfinity/.m2/repository/org/hamcrest/hamcrest-core/1.3/hamcrest-core-1.3.jar:/home/decaianinfinity/.m2/repository/org/spigotmc/spigot-api/1.15.1-R0.1-SNAPSHOT/spigot-api-1.15.1-R0.1-SNAPSHOT.jar:/home/decaianinfinity/.m2/repository/commons-lang/commons-lang/2.6/commons-lang-2.6.jar:/home/decaianinfinity/.m2/repository/com/google/guava/guava/21.0/guava-21.0.jar:/home/decaianinfinity/.m2/repository/com/google/code/gson/gson/2.8.0/gson-2.8.0.jar:/home/decaianinfinity/.m2/repository/net/md-5/bungeecord-chat/1.13-SNAPSHOT/bungeecord-chat-1.13-SNAPSHOT.jar:/home/decaianinfinity/.m2/repository/org/yaml/snakeyaml/1.25/snakeyaml-1.25.jar:"/>
    <property name="java.vm.vendor" value="Private Build"/>
    <property name="sun.arch.data.model" value="64"/>
    <property name="java.vendor.url" value="Unknown"/>
    <property name="os.name" value="Linux"/>
    <property name="java.vm.specification.version" value="17"/>
    <property name="sun.java.launcher" value="SUN_STANDARD"/>
    <property name="user.country" value="US"/>
    <property name="sun.boot.library.path" value="/usr/lib/jvm/java-17-openjdk-amd64/lib"/>
    <property name="sun.java.command" value="/home/decaianinfinity/_programming_/skyrpg/leveling/target/surefire/surefirebooter8939453501853900466.jar /home/decaianinfinity/_programming_/skyrpg/leveling/target/surefire 2023-12-06T18-58-29_966-jvmRun1 surefire17842279285405588179tmp surefire_09561548842205288806tmp"/>
    <property name="jdk.debug" value="release"/>
    <property name="surefire.test.class.path" value="/home/decaianinfinity/_programming_/skyrpg/leveling/target/test-classes:/home/decaianinfinity/_programming_/skyrpg/leveling/target/classes:/home/decaianinfinity/.m2/repository/junit/junit/4.11/junit-4.11.jar:/home/decaianinfinity/.m2/repository/org/hamcrest/hamcrest-core/1.3/hamcrest-core-1.3.jar:/home/decaianinfinity/.m2/repository/org/spigotmc/spigot-api/1.15.1-R0.1-SNAPSHOT/spigot-api-1.15.1-R0.1-SNAPSHOT.jar:/home/decaianinfinity/.m2/repository/commons-lang/commons-lang/2.6/commons-lang-2.6.jar:/home/decaianinfinity/.m2/repository/com/google/guava/guava/21.0/guava-21.0.jar:/home/decaianinfinity/.m2/repository/com/google/code/gson/gson/2.8.0/gson-2.8.0.jar:/home/decaianinfinity/.m2/repository/net/md-5/bungeecord-chat/1.13-SNAPSHOT/bungeecord-chat-1.13-SNAPSHOT.jar:/home/decaianinfinity/.m2/repository/org/yaml/snakeyaml/1.25/snakeyaml-1.25.jar:"/>
    <property name="sun.cpu.endian" value="little"/>
    <property name="user.home" value="/home/decaianinfinity"/>
    <property name="user.language" value="en"/>
    <property name="java.specification.vendor" value="Oracle Corporation"/>
    <property name="java.version.date" value="2023-10-17"/>
    <property name="java.home" value="/usr/lib/jvm/java-17-openjdk-amd64"/>
    <property name="file.separator" value="/"/>
    <property name="basedir" value="/home/decaianinfinity/_programming_/skyrpg/leveling"/>
    <property name="java.vm.compressedOopsMode" value="Zero based"/>
    <property name="line.separator" value="&#10;"/>
    <property name="java.vm.specification.vendor" value="Oracle Corporation"/>
    <property name="java.specification.name" value="Java Platform API Specification"/>
    <property name="surefire.real.class.path" value="/home/decaianinfinity/_programming_/skyrpg/leveling/target/surefire/surefirebooter8939453501853900466.jar"/>
    <property name="sun.management.compiler" value="HotSpot 64-Bit Tiered Compilers"/>
    <property name="java.runtime.version" value="17.0.9+9-Ubuntu-122.04"/>
    <property name="user.name" value="decaianinfinity"/>
    <property name="path.separator" value=":"/>
    <property name="os.version" value="5.15.0-76-generic"/>
    <property name="java.runtime.name" value="OpenJDK Runtime Environment"/>
    <property name="file.encoding" value="UTF-8"/>
    <property name="java.vm.name" value="OpenJDK 64-Bit Server VM"/>
    <property name="localRepository" value="/home/decaianinfinity/.m2/repository"/>
    <property name="java.vendor.url.bug" value="Unknown"/>
    <property name="java.io.tmpdir" value="/tmp"/>
    <property name="java.version" value="17.0.9"/>
    <property name="user.dir" value="/home/decaianinfinity/_programming_/skyrpg/leveling"/>
    <property name="os.arch" value="amd64"/>
    <property name="java.vm.specification.name" value="Java Virtual Machine Specification"/>
    <property name="native.encoding" value="UTF-8"/>
    <property name="java.library.path" value="/usr/java/packages/lib:/usr/lib/x86_64-linux-gnu/jni:/lib/x86_64-linux-gnu:/usr/lib/x86_64-linux-gnu:/usr/lib/jni:/lib:/usr/lib"/>
    <property name="java.vm.info" value="mixed mode, sharing"/>
    <property name="java.vendor" value="Private Build"/>
    <property name="java.vm.version" value="17.0.9+9-Ubuntu-122.04"/>
    <property name="sun.io.unicode.encoding" value="UnicodeLittle"/>
    <property name="java.class.version" value="61.0"/>
  </properties>
  <testcase name="shouldAnswerWithTrue" classname="skyrpg.PluginTest" time="0.001"/>
</testsuite>